<?xml version="1.0" encoding="UTF-8"?>
<testsuite xmlns:xsi="http://www.w3.org/2001/XMLSchema-instance" xsi:noNamespaceSchemaLocation="https://maven.apache.org/surefire/maven-surefire-plugin/xsd/surefire-test-report-3.0.xsd" version="3.0" name="com.hpcl.colony.controller.MasterDataControllerTest" time="0.636" tests="3" errors="0" skipped="0" failures="0">
  <properties>
[...]
</properties>
  <testcase name="getNextPoItemNumberReturnsServiceResult" classname="com.hpcl.colony.controller.MasterDataControllerTest" time="0.087">
    <system-out><![CDATA[2026-04-29T13:00:16.866+05:30  INFO 21392 --- [colony-api] [           main] t.c.s.AnnotationConfigContextLoaderUtils : Could not detect default configuration classes for test class [com.hpcl.colony.controller.MasterDataControllerTest]: MasterDataControllerTest does not declare any static, non-private, non-final, nested classes annotated with @Configuration.
2026-04-29T13:00:16.877+05:30  INFO 21392 --- [colony-api] [           main] .b.t.c.SpringBootTestContextBootstrapper : Found @SpringBootConfiguration com.hpcl.colony.ColonyApiApplication for test class com.hpcl.colony.controller.MasterDataControllerTest

  .   ____          _            __ _ _
 /\\ / ___'_ __ _ _(_)_ __  __ _ \ \ \ \
( ( )\___ | '_ | '_| | '_ \/ _` | \ \ \ \
 \\/  ___)| |_)| | | | | || (_| |  ) ) ) )
  '  |____| .__|_| |_|_| |_\__, | / / / /
 =========|_|==============|___/=/_/_/_/
 :: Spring Boot ::                (v3.2.0)

2026-04-29T13:00:16.918+05:30  INFO 21392 --- [colony-api] [           main] c.h.c.c.MasterDataControllerTest         : Starting MasterDataControllerTest using Java 21.0.8 with PID 21392 (started by 31982780 in d:\HPCL\PH-Dev\ColonyManagement\revamp_colony\Intern\colonyconnect\colony-api)
2026-04-29T13:00:16.918+05:30  INFO 21392 --- [colony-api] [           main] c.h.c.c.MasterDataControllerTest         : No active profile set, falling back to 1 default profile: "default"
2026-04-29T13:00:17.271+05:30  WARN 21392 --- [colony-api] [           main] .s.s.UserDetailsServiceAutoConfiguration : 

Using generated security password: c1c7eacc-08dd-438c-8fe9-ad38bb466a64

This generated password is for development use only. Your security configuration must be updated before running your application in production.

2026-04-29T13:00:17.328+05:30  INFO 21392 --- [colony-api] [           main] o.s.s.web.DefaultSecurityFilterChain     : Will secure any request with [org.springframework.security.web.session.DisableEncodeUrlFilter@66a99584, org.springframework.security.web.context.request.async.WebAsyncManagerIntegrationFilter@3945886e, org.springframework.security.web.context.SecurityContextHolderFilter@21579b35, org.springframework.security.web.header.HeaderWriterFilter@3aed692d, org.springframework.web.filter.CorsFilter@12765ebd, org.springframework.security.web.csrf.CsrfFilter@1e5e3147, org.springframework.security.web.authentication.logout.LogoutFilter@45e35a0d, com.hpcl.colony.config.SecurityConfig$SessionAuthenticationFilter@1dac0784, com.hpcl.colony.config.SecurityConfig$CsrfCookieFilter@3703a400, org.springframework.security.web.savedrequest.RequestCacheAwareFilter@25b83dce, org.springframework.security.web.servletapi.SecurityContextHolderAwareRequestFilter@74cd8c55, org.springframework.security.web.authentication.AnonymousAuthenticationFilter@22105c76, org.springframework.security.web.session.SessionManagementFilter@4eec5fa6, org.springframework.security.web.access.ExceptionTranslationFilter@3c271988, org.springframework.security.web.access.intercept.AuthorizationFilter@3966c679]
2026-04-29T13:00:17.362+05:30  INFO 21392 --- [colony-api] [           main] o.s.b.t.m.w.SpringBootMockServletContext : Initializing Spring TestDispatcherServlet ''
2026-04-29T13:00:17.362+05:30  INFO 21392 --- [colony-api] [           main] o.s.t.web.servlet.TestDispatcherServlet  : Initializing Servlet ''
2026-04-29T13:00:17.362+05:30  INFO 21392 --- [colony-api] [           main] o.s.t.web.servlet.TestDispatcherServlet  : Completed initialization in 0 ms
2026-04-29T13:00:17.365+05:30  INFO 21392 --- [colony-api] [           main] c.h.c.c.MasterDataControllerTest         : Started MasterDataControllerTest in 0.484 seconds (process running for 8.095)
2026-04-29T13:00:17.389+05:30 DEBUG 21392 --- [colony-api] [           main] w.c.HttpSessionSecurityContextRepository : Created HttpSession as SecurityContext is non-default
2026-04-29T13:00:17.389+05:30 DEBUG 21392 --- [colony-api] [           main] w.c.HttpSessionSecurityContextRepository : Stored SecurityContextImpl [Authentication=UsernamePasswordAuthenticationToken [Principal=org.springframework.security.core.userdetails.User [Username=31982600, Password=[PROTECTED], Enabled=true, AccountNonExpired=true, CredentialsNonExpired=true, AccountNonLocked=true, Granted Authorities=[ROLE_USER]], Credentials=[PROTECTED], Authenticated=true, Details=null, Granted Authorities=[ROLE_USER]]] to HttpSession [org.springframework.mock.web.MockHttpSession@1afa048a]
2026-04-29T13:00:17.389+05:30 DEBUG 21392 --- [colony-api] [           main] o.s.security.web.FilterChainProxy        : Securing GET /api/v1/masters/po-items/next-number
2026-04-29T13:00:17.390+05:30  WARN 21392 --- [colony-api] [           main] o.s.w.s.h.HandlerMappingIntrospector     : Cache miss for REQUEST dispatch to '/api/v1/masters/po-items/next-number' (previous null). Performing CorsConfiguration lookup. This is logged once only at WARN level, and every time at TRACE.
2026-04-29T13:00:17.391+05:30 DEBUG 21392 --- [colony-api] [           main] w.c.HttpSessionSecurityContextRepository : Retrieved SecurityContextImpl [Authentication=UsernamePasswordAuthenticationToken [Principal=org.springframework.security.core.userdetails.User [Username=31982600, Password=[PROTECTED], Enabled=true, AccountNonExpired=true, CredentialsNonExpired=true, AccountNonLocked=true, Granted Authorities=[ROLE_USER]], Credentials=[PROTECTED], Authenticated=true, Details=null, Granted Authorities=[ROLE_USER]]]
2026-04-29T13:00:17.391+05:30 DEBUG 21392 --- [colony-api] [           main] o.s.security.web.FilterChainProxy        : Secured GET /api/v1/masters/po-items/next-number
]]></system-out>
  </testcase>
  <testcase name="getVendorByCodeReturnsNotFoundWhenVendorDoesNotExist" classname="com.hpcl.colony.controller.MasterDataControllerTest" time="0.03">
    <system-out><![CDATA[2026-04-29T13:00:17.459+05:30 DEBUG 21392 --- [colony-api] [           main] w.c.HttpSessionSecurityContextRepository : Created HttpSession as SecurityContext is non-default
2026-04-29T13:00:17.460+05:30 DEBUG 21392 --- [colony-api] [           main] w.c.HttpSessionSecurityContextRepository : Stored SecurityContextImpl [Authentication=UsernamePasswordAuthenticationToken [Principal=org.springframework.security.core.userdetails.User [Username=31982600, Password=[PROTECTED], Enabled=true, AccountNonExpired=true, CredentialsNonExpired=true, AccountNonLocked=true, Granted Authorities=[ROLE_USER]], Credentials=[PROTECTED], Authenticated=true, Details=null, Granted Authorities=[ROLE_USER]]] to HttpSession [org.springframework.mock.web.MockHttpSession@530df3ab]
2026-04-29T13:00:17.460+05:30 DEBUG 21392 --- [colony-api] [           main] o.s.security.web.FilterChainProxy        : Securing GET /api/v1/masters/vendors/by-code/V001
2026-04-29T13:00:17.461+05:30 DEBUG 21392 --- [colony-api] [           main] w.c.HttpSessionSecurityContextRepository : Retrieved SecurityContextImpl [Authentication=UsernamePasswordAuthenticationToken [Principal=org.springframework.security.core.userdetails.User [Username=31982600, Password=[PROTECTED], Enabled=true, AccountNonExpired=true, CredentialsNonExpired=true, AccountNonLocked=true, Granted Authorities=[ROLE_USER]], Credentials=[PROTECTED], Authenticated=true, Details=null, Granted Authorities=[ROLE_USER]]]
2026-04-29T13:00:17.462+05:30 DEBUG 21392 --- [colony-api] [           main] o.s.security.web.FilterChainProxy        : Secured GET /api/v1/masters/vendors/by-code/V001
]]></system-out>
  </testcase>
  <testcase name="getVendorByCodeReturnsVendorWhenFound" classname="com.hpcl.colony.controller.MasterDataControllerTest" time="0.01">
    <system-out><![CDATA[2026-04-29T13:00:17.493+05:30 DEBUG 21392 --- [colony-api] [           main] w.c.HttpSessionSecurityContextRepository : Created HttpSession as SecurityContext is non-default
2026-04-29T13:00:17.493+05:30 DEBUG 21392 --- [colony-api] [           main] w.c.HttpSessionSecurityContextRepository : Stored SecurityContextImpl [Authentication=UsernamePasswordAuthenticationToken [Principal=org.springframework.security.core.userdetails.User [Username=31982600, Password=[PROTECTED], Enabled=true, AccountNonExpired=true, CredentialsNonExpired=true, AccountNonLocked=true, Granted Authorities=[ROLE_USER]], Credentials=[PROTECTED], Authenticated=true, Details=null, Granted Authorities=[ROLE_USER]]] to HttpSession [org.springframework.mock.web.MockHttpSession@7872e91f]
2026-04-29T13:00:17.493+05:30 DEBUG 21392 --- [colony-api] [           main] o.s.security.web.FilterChainProxy        : Securing GET /api/v1/masters/vendors/by-code/V001
2026-04-29T13:00:17.494+05:30 DEBUG 21392 --- [colony-api] [           main] w.c.HttpSessionSecurityContextRepository : Retrieved SecurityContextImpl [Authentication=UsernamePasswordAuthenticationToken [Principal=org.springframework.security.core.userdetails.User [Username=31982600, Password=[PROTECTED], Enabled=true, AccountNonExpired=true, CredentialsNonExpired=true, AccountNonLocked=true, Granted Authorities=[ROLE_USER]], Credentials=[PROTECTED], Authenticated=true, Details=null, Granted Authorities=[ROLE_USER]]]
2026-04-29T13:00:17.494+05:30 DEBUG 21392 --- [colony-api] [           main] o.s.security.web.FilterChainProxy        : Secured GET /api/v1/masters/vendors/by-code/V001
]]></system-out>
  </testcase>
</testsuite>