<?xml version="1.0" encoding="UTF-8"?>
<testsuite xmlns:xsi="http://www.w3.org/2001/XMLSchema-instance" xsi:noNamespaceSchemaLocation="https://maven.apache.org/surefire/maven-surefire-plugin/xsd/surefire-test-report-3.0.xsd" version="3.0" name="com.hpcl.colony.controller.AuthControllerTest" time="6.608" tests="1" errors="0" skipped="0" failures="0">
  <properties>
[...]
</properties>
  <testcase name="getCurrentUserReturnsProfileFromSessionWithoutReauthenticating" classname="com.hpcl.colony.controller.AuthControllerTest" time="0.42">
    <system-out><![CDATA[13:00:10.604 [main] INFO org.springframework.test.context.support.AnnotationConfigContextLoaderUtils -- Could not detect default configuration classes for test class [com.hpcl.colony.controller.AuthControllerTest]: AuthControllerTest does not declare any static, non-private, non-final, nested classes annotated with @Configuration.
13:00:10.870 [main] INFO org.springframework.boot.test.context.SpringBootTestContextBootstrapper -- Found @SpringBootConfiguration com.hpcl.colony.ColonyApiApplication for test class com.hpcl.colony.controller.AuthControllerTest

  .   ____          _            __ _ _
 /\\ / ___'_ __ _ _(_)_ __  __ _ \ \ \ \
( ( )\___ | '_ | '_| | '_ \/ _` | \ \ \ \
 \\/  ___)| |_)| | | | | || (_| |  ) ) ) )
  '  |____| .__|_| |_|_| |_\__, | / / / /
 =========|_|==============|___/=/_/_/_/
 :: Spring Boot ::                (v3.2.0)

2026-04-29T13:00:11.671+05:30  INFO 21392 --- [colony-api] [           main] c.h.c.controller.AuthControllerTest      : Starting AuthControllerTest using Java 21.0.8 with PID 21392 (started by 31982780 in d:\HPCL\PH-Dev\ColonyManagement\revamp_colony\Intern\colonyconnect\colony-api)
2026-04-29T13:00:11.673+05:30  INFO 21392 --- [colony-api] [           main] c.h.c.controller.AuthControllerTest      : No active profile set, falling back to 1 default profile: "default"
2026-04-29T13:00:14.877+05:30  WARN 21392 --- [colony-api] [           main] .s.s.UserDetailsServiceAutoConfiguration : 

Using generated security password: fe47f816-765b-4c86-91c2-72faae87e568

This generated password is for development use only. Your security configuration must be updated before running your application in production.

2026-04-29T13:00:15.798+05:30  INFO 21392 --- [colony-api] [           main] o.s.s.web.DefaultSecurityFilterChain     : Will secure any request with [org.springframework.security.web.session.DisableEncodeUrlFilter@5dae5a70, org.springframework.security.web.context.request.async.WebAsyncManagerIntegrationFilter@7686f701, org.springframework.security.web.context.SecurityContextHolderFilter@6f2d3391, org.springframework.security.web.header.HeaderWriterFilter@395281c2, org.springframework.web.filter.CorsFilter@47c96f2c, org.springframework.security.web.csrf.CsrfFilter@79604abe, org.springframework.security.web.authentication.logout.LogoutFilter@1410d645, com.hpcl.colony.config.SecurityConfig$SessionAuthenticationFilter@210a26b, com.hpcl.colony.config.SecurityConfig$CsrfCookieFilter@2dc21583, org.springframework.security.web.savedrequest.RequestCacheAwareFilter@42cc420b, org.springframework.security.web.servletapi.SecurityContextHolderAwareRequestFilter@563172d3, org.springframework.security.web.authentication.AnonymousAuthenticationFilter@6cbdd1c5, org.springframework.security.web.session.SessionManagementFilter@782cc5fa, org.springframework.security.web.access.ExceptionTranslationFilter@4eb63dc8, org.springframework.security.web.access.intercept.AuthorizationFilter@67fac095]
2026-04-29T13:00:16.382+05:30  INFO 21392 --- [colony-api] [           main] o.s.b.t.m.w.SpringBootMockServletContext : Initializing Spring TestDispatcherServlet ''
2026-04-29T13:00:16.382+05:30  INFO 21392 --- [colony-api] [           main] o.s.t.web.servlet.TestDispatcherServlet  : Initializing Servlet ''
2026-04-29T13:00:16.383+05:30  INFO 21392 --- [colony-api] [           main] o.s.t.web.servlet.TestDispatcherServlet  : Completed initialization in 1 ms
2026-04-29T13:00:16.413+05:30  INFO 21392 --- [colony-api] [           main] c.h.c.controller.AuthControllerTest      : Started AuthControllerTest in 5.376 seconds (process running for 7.142)
2026-04-29T13:00:16.568+05:30 DEBUG 21392 --- [colony-api] [           main] o.s.security.web.FilterChainProxy        : Securing GET /api/v1/auth/me
2026-04-29T13:00:16.584+05:30  WARN 21392 --- [colony-api] [           main] o.s.w.s.h.HandlerMappingIntrospector     : Cache miss for REQUEST dispatch to '/api/v1/auth/me' (previous null). Performing CorsConfiguration lookup. This is logged once only at WARN level, and every time at TRACE.
2026-04-29T13:00:16.613+05:30 DEBUG 21392 --- [colony-api] [           main] .s.ChangeSessionIdAuthenticationStrategy : Changed session id from 1
2026-04-29T13:00:16.615+05:30 DEBUG 21392 --- [colony-api] [           main] w.c.HttpSessionSecurityContextRepository : Stored SecurityContextImpl [Authentication=UsernamePasswordAuthenticationToken [Principal=31982600, Credentials=[PROTECTED], Authenticated=true, Details=null, Granted Authorities=[ROLE_RESIDENT]]] to HttpSession [org.springframework.mock.web.MockHttpSession@4e52d2f2]
2026-04-29T13:00:16.616+05:30 DEBUG 21392 --- [colony-api] [           main] o.s.security.web.FilterChainProxy        : Secured GET /api/v1/auth/me
]]></system-out>
    <system-err><![CDATA[WARNING: A Java agent has been loaded dynamically (C:\Users\31982780\.m2\repository\net\bytebuddy\byte-buddy-agent\1.14.10\byte-buddy-agent-1.14.10.jar)
WARNING: If a serviceability tool is in use, please run with -XX:+EnableDynamicAgentLoading to hide this warning
WARNING: If a serviceability tool is not in use, please run with -Djdk.instrument.traceUsage for more information
WARNING: Dynamic loading of agents will be disallowed by default in a future release
]]></system-err>
  </testcase>
</testsuite>