<?xml version="1.0" encoding="UTF-8"?>
<testsuite xmlns:xsi="http://www.w3.org/2001/XMLSchema-instance" xsi:noNamespaceSchemaLocation="https://maven.apache.org/surefire/maven-surefire-plugin/xsd/surefire-test-report-3.0.xsd" version="3.0" name="com.hpcl.colony.controller.AuthControllerTest" time="3.043" tests="1" errors="0" skipped="0" failures="0">
  <properties>
[...]
</properties>
  <testcase name="getCurrentUserReturnsProfileFromSessionWithoutReauthenticating" classname="com.hpcl.colony.controller.AuthControllerTest" time="0.16">
    <system-out><![CDATA[14:17:59.362 [main] INFO org.springframework.test.context.support.AnnotationConfigContextLoaderUtils -- Could not detect default configuration classes for test class [com.hpcl.colony.controller.AuthControllerTest]: AuthControllerTest does not declare any static, non-private, non-final, nested classes annotated with @Configuration.
14:17:59.468 [main] INFO org.springframework.boot.test.context.SpringBootTestContextBootstrapper -- Found @SpringBootConfiguration com.hpcl.colony.ColonyApiApplication for test class com.hpcl.colony.controller.AuthControllerTest

  .   ____          _            __ _ _
 /\\ / ___'_ __ _ _(_)_ __  __ _ \ \ \ \
( ( )\___ | '_ | '_| | '_ \/ _` | \ \ \ \
 \\/  ___)| |_)| | | | | || (_| |  ) ) ) )
  '  |____| .__|_| |_|_| |_\__, | / / / /
 =========|_|==============|___/=/_/_/_/
 :: Spring Boot ::                (v3.2.0)

2026-04-27T14:17:59.810+05:30  INFO 22339 --- [colony-api] [           main] c.h.c.controller.AuthControllerTest      : Starting AuthControllerTest using Java 21.0.5 with PID 22339 (started by anshuman in /Users/anshuman/Web Projects/ColonyConnect/colonyconnect/colony-api)
2026-04-27T14:17:59.811+05:30  INFO 22339 --- [colony-api] [           main] c.h.c.controller.AuthControllerTest      : No active profile set, falling back to 1 default profile: "default"
2026-04-27T14:18:01.558+05:30  WARN 22339 --- [colony-api] [           main] .s.s.UserDetailsServiceAutoConfiguration : 

Using generated security password: da776abf-1bae-4db7-8137-28b557f20e65

This generated password is for development use only. Your security configuration must be updated before running your application in production.

2026-04-27T14:18:01.897+05:30  INFO 22339 --- [colony-api] [           main] o.s.s.web.DefaultSecurityFilterChain     : Will secure any request with [org.springframework.security.web.session.DisableEncodeUrlFilter@1d6f77d7, org.springframework.security.web.context.request.async.WebAsyncManagerIntegrationFilter@65e620b0, org.springframework.security.web.context.SecurityContextHolderFilter@2b936b04, org.springframework.security.web.header.HeaderWriterFilter@bd273b2, org.springframework.web.filter.CorsFilter@74b97416, org.springframework.security.web.csrf.CsrfFilter@3e8b8f0, org.springframework.security.web.authentication.logout.LogoutFilter@23396fc0, org.springframework.security.web.savedrequest.RequestCacheAwareFilter@5635bcd2, org.springframework.security.web.servletapi.SecurityContextHolderAwareRequestFilter@5c5c7cc4, org.springframework.security.web.authentication.AnonymousAuthenticationFilter@74707df8, org.springframework.security.web.session.SessionManagementFilter@2707c790, org.springframework.security.web.access.ExceptionTranslationFilter@77ab5214, org.springframework.security.web.access.intercept.AuthorizationFilter@467af68c]
2026-04-27T14:18:02.076+05:30  INFO 22339 --- [colony-api] [           main] o.s.b.t.m.w.SpringBootMockServletContext : Initializing Spring TestDispatcherServlet ''
2026-04-27T14:18:02.076+05:30  INFO 22339 --- [colony-api] [           main] o.s.t.web.servlet.TestDispatcherServlet  : Initializing Servlet ''
2026-04-27T14:18:02.077+05:30  INFO 22339 --- [colony-api] [           main] o.s.t.web.servlet.TestDispatcherServlet  : Completed initialization in 1 ms
2026-04-27T14:18:02.095+05:30  INFO 22339 --- [colony-api] [           main] c.h.c.controller.AuthControllerTest      : Started AuthControllerTest in 2.573 seconds (process running for 3.396)
2026-04-27T14:18:02.143+05:30 DEBUG 22339 --- [colony-api] [           main] o.s.security.web.FilterChainProxy        : Securing GET /api/v1/auth/me
2026-04-27T14:18:02.147+05:30  WARN 22339 --- [colony-api] [           main] o.s.w.s.h.HandlerMappingIntrospector     : Cache miss for REQUEST dispatch to '/api/v1/auth/me' (previous null). Performing CorsConfiguration lookup. This is logged once only at WARN level, and every time at TRACE.
2026-04-27T14:18:02.156+05:30 DEBUG 22339 --- [colony-api] [           main] o.s.s.w.a.AnonymousAuthenticationFilter  : Set SecurityContextHolder to anonymous SecurityContext
2026-04-27T14:18:02.157+05:30 DEBUG 22339 --- [colony-api] [           main] o.s.security.web.FilterChainProxy        : Secured GET /api/v1/auth/me
]]></system-out>
    <system-err><![CDATA[WARNING: A Java agent has been loaded dynamically (/Users/anshuman/.m2/repository/net/bytebuddy/byte-buddy-agent/1.14.10/byte-buddy-agent-1.14.10.jar)
WARNING: If a serviceability tool is in use, please run with -XX:+EnableDynamicAgentLoading to hide this warning
WARNING: If a serviceability tool is not in use, please run with -Djdk.instrument.traceUsage for more information
WARNING: Dynamic loading of agents will be disallowed by default in a future release
]]></system-err>
  </testcase>
</testsuite>